2026-03-14 19:39:35,037 - INFO - Logging initialized
2026-03-14 19:39:35,040 - INFO - CLI started
2026-03-14 19:39:36,032 - INFO - Order Request: {'symbol': 'BTCUSDT', 'side': 'BUY', 'type': 'MARKET', 'quantity': 0.001}
2026-03-14 19:39:37,489 - INFO - Order Response: {}
2026-03-14 19:41:05,017 - INFO - Logging initialized
2026-03-14 19:41:05,018 - INFO - CLI started
2026-03-14 19:41:05,789 - INFO - Order Request: {'symbol': 'BTCUSDT', 'side': 'BUY', 'type': 'MARKET', 'quantity': 0.001}
2026-03-14 19:41:07,128 - INFO - Order Response: {}
2026-03-14 19:41:39,074 - INFO - Logging initialized
2026-03-14 19:41:39,074 - INFO - CLI started
2026-03-14 19:41:39,638 - INFO - Order Request: {'symbol': 'BTCUSDT', 'side': 'BUY', 'type': 'MARKET', 'quantity': 0.001}
2026-03-14 19:41:40,941 - INFO - Order Response: {}
2026-03-14 19:42:40,370 - INFO - Logging initialized
2026-03-14 19:42:40,370 - INFO - CLI started
2026-03-14 19:42:41,172 - INFO - Order Request: {'symbol': 'BTCUSDT', 'side': 'BUY', 'type': 'MARKET', 'quantity': 0.001}
2026-03-14 19:42:42,093 - ERROR - Order failed: APIError(code=-4164): Order's notional must be no smaller than 100 (unless you choose reduce only).
2026-03-14 19:43:14,180 - INFO - Logging initialized
2026-03-14 19:43:14,180 - INFO - CLI started
2026-03-14 19:43:14,691 - INFO - Order Request: {'symbol': 'BTCUSDT', 'side': 'BUY', 'type': 'MARKET', 'quantity': 0.002}
2026-03-14 19:43:15,463 - ERROR - Order failed: APIError(code=-2019): Margin is insufficient.
2026-03-14 19:45:26,987 - INFO - Logging initialized
2026-03-14 19:45:26,987 - INFO - CLI started
2026-03-14 19:45:31,556 - INFO - Order Request: {'symbol': 'BTCUSDT', 'side': 'BUY', 'type': 'MARKET', 'quantity': 0.002}
2026-03-14 19:45:32,026 - ERROR - Order failed: APIError(code=-2019): Margin is insufficient.
2026-03-14 19:49:17,354 - INFO - Logging initialized
2026-03-14 19:49:17,354 - INFO - CLI started
2026-03-14 19:49:18,958 - INFO - Order Request: {'symbol': 'BTCUSDT', 'side': 'BUY', 'type': 'MARKET', 'quantity': 0.002}
2026-03-14 19:49:19,168 - INFO - Order Response: {'orderId': 12810205552, 'symbol': 'BTCUSDT', 'status': 'NEW', 'clientOrderId': 'x-Cb7ytekJa7c0a600bceca6297e9136', 'price': '0.00', 'avgPrice': '0.00', 'origQty': '0.002', 'executedQty': '0.000', 'cumQty': '0.000', 'cumQuote': '0.00000', 'timeInForce': 'GTC', 'type': 'MARKET', 'reduceOnly': False, 'closePosition': False, 'side': 'BUY', 'positionSide': 'BOTH', 'stopPrice': '0.00', 'workingType': 'CONTRACT_PRICE', 'priceProtect': False, 'origType': 'MARKET', 'priceMatch': 'NONE', 'selfTradePreventionMode': 'EXPIRE_MAKER', 'goodTillDate': 0, 'updateTime': 1773497958419}
2026-03-14 19:51:03,368 - INFO - Logging initialized
2026-03-14 19:51:03,369 - INFO - CLI started
2026-03-14 19:51:05,459 - INFO - Order Request: {'symbol': 'BTCUSDT', 'side': 'SELL', 'type': 'LIMIT', 'quantity': 0.002, 'price': 72000.0, 'timeInForce': 'GTC'}
2026-03-14 19:51:05,981 - INFO - Order Response: {'orderId': 12810227988, 'symbol': 'BTCUSDT', 'status': 'NEW', 'clientOrderId': 'x-Cb7ytekJaa0ba651fc1e76f9f99671', 'price': '72000.00', 'avgPrice': '0.00', 'origQty': '0.002', 'executedQty': '0.000', 'cumQty': '0.000', 'cumQuote': '0.00000', 'timeInForce': 'GTC', 'type': 'LIMIT', 'reduceOnly': False, 'closePosition': False, 'side': 'SELL', 'positionSide': 'BOTH', 'stopPrice': '0.00', 'workingType': 'CONTRACT_PRICE', 'priceProtect': False, 'origType': 'LIMIT', 'priceMatch': 'NONE', 'selfTradePreventionMode': 'EXPIRE_MAKER', 'goodTillDate': 0, 'updateTime': 1773498065211}
